<?xml version="1.0" encoding="UTF-8"?>
<!-- Generated by org.testng.reporters.JUnitXMLReporter -->
<testsuite ignored="2" hostname="LAPTOP-0NT22F0F" failures="0" tests="1" name="Default test" time="5.66" errors="0" timestamp="2022-08-07T20:58:36 BST">
  <testcase classname="com.crm.qa.testcases.BaseUrlTest" name="BaseUrlPageLogoTest" time="0.048"/>
  <testcase classname="com.crm.qa.testcases.BaseUrlTest" name="BaseUrlTittletest" time="0.0">
    <ignored/>
  </testcase> <!-- BaseUrlTittletest -->
  <testcase classname="com.crm.qa.testcases.BaseUrlTest" name="clickLoginTest" time="0.0">
    <ignored/>
  </testcase> <!-- clickLoginTest -->
</testsuite> <!-- Default test -->
