<?xml version="1.0" encoding="UTF-8"?>
<!-- Generated by org.testng.reporters.JUnitXMLReporter -->
<testsuite ignored="0" hostname="LAPTOP-0NT22F0F" failures="0" tests="3" name="FreeCRM Application Test Automation Test Cases" time="16.546" errors="0" timestamp="2022-08-01T23:01:59 BST">
  <testcase classname="com.crm.qa.testcases.BaseUrlTest" name="clickLoginTest" time="4.996"/>
  <testcase classname="com.crm.qa.testcases.BaseUrlTest" name="BaseUrlPageLogoTest" time="0.121"/>
  <testcase classname="com.crm.qa.testcases.BaseUrlTest" name="BaseUrlTittletest" time="0.016"/>
</testsuite> <!-- FreeCRM Application Test Automation Test Cases -->
