<?xml version="1.0" encoding="UTF-8"?>
<testng-results ignored="0" total="3" passed="3" failed="0" skipped="0">
  <reporter-output>
  </reporter-output>
  <suite started-at="2022-08-01T23:01:42 BST" name="FreeCRM Application Test Automation Suite" finished-at="2022-08-01T23:01:59 BST" duration-ms="16546">
    <groups>
    </groups>
    <test started-at="2022-08-01T23:01:42 BST" name="FreeCRM Application Test Automation Test Cases" finished-at="2022-08-01T23:01:59 BST" duration-ms="16546">
      <class name="com.crm.qa.testcases.BaseUrlTest">
        <test-method is-config="true" signature="setUp()[pri:0, instance:com.crm.qa.testcases.BaseUrlTest@7c24b813]" started-at="2022-08-01T23:01:42 BST" name="setUp" finished-at="2022-08-01T23:01:47 BST" duration-ms="5233" status="PASS">
          <reporter-output>
          </reporter-output>
        </test-method> <!-- setUp -->
        <test-method signature="clickLoginTest()[pri:1, instance:com.crm.qa.testcases.BaseUrlTest@7c24b813]" started-at="2022-08-01T23:01:47 BST" name="clickLoginTest" finished-at="2022-08-01T23:01:52 BST" duration-ms="4996" status="PASS">
          <reporter-output>
          </reporter-output>
        </test-method> <!-- clickLoginTest -->
        <test-method is-config="true" signature="tearDown()[pri:0, instance:com.crm.qa.testcases.BaseUrlTest@7c24b813]" started-at="2022-08-01T23:01:52 BST" name="tearDown" finished-at="2022-08-01T23:01:53 BST" duration-ms="285" status="PASS">
          <reporter-output>
          </reporter-output>
        </test-method> <!-- tearDown -->
        <test-method is-config="true" signature="setUp()[pri:0, instance:com.crm.qa.testcases.BaseUrlTest@7c24b813]" started-at="2022-08-01T23:01:53 BST" name="setUp" finished-at="2022-08-01T23:01:56 BST" duration-ms="2927" status="PASS">
          <reporter-output>
          </reporter-output>
        </test-method> <!-- setUp -->
        <test-method signature="BaseUrlPageLogoTest()[pri:2, instance:com.crm.qa.testcases.BaseUrlTest@7c24b813]" started-at="2022-08-01T23:01:56 BST" name="BaseUrlPageLogoTest" finished-at="2022-08-01T23:01:56 BST" duration-ms="121" status="PASS">
          <reporter-output>
          </reporter-output>
        </test-method> <!-- BaseUrlPageLogoTest -->
        <test-method is-config="true" signature="tearDown()[pri:0, instance:com.crm.qa.testcases.BaseUrlTest@7c24b813]" started-at="2022-08-01T23:01:56 BST" name="tearDown" finished-at="2022-08-01T23:01:56 BST" duration-ms="224" status="PASS">
          <reporter-output>
          </reporter-output>
        </test-method> <!-- tearDown -->
        <test-method is-config="true" signature="setUp()[pri:0, instance:com.crm.qa.testcases.BaseUrlTest@7c24b813]" started-at="2022-08-01T23:01:56 BST" name="setUp" finished-at="2022-08-01T23:01:58 BST" duration-ms="2508" status="PASS">
          <reporter-output>
          </reporter-output>
        </test-method> <!-- setUp -->
        <test-method signature="BaseUrlTittletest()[pri:3, instance:com.crm.qa.testcases.BaseUrlTest@7c24b813]" started-at="2022-08-01T23:01:58 BST" name="BaseUrlTittletest" finished-at="2022-08-01T23:01:58 BST" duration-ms="16" status="PASS">
          <reporter-output>
          </reporter-output>
        </test-method> <!-- BaseUrlTittletest -->
        <test-method is-config="true" signature="tearDown()[pri:0, instance:com.crm.qa.testcases.BaseUrlTest@7c24b813]" started-at="2022-08-01T23:01:59 BST" name="tearDown" finished-at="2022-08-01T23:01:59 BST" duration-ms="151" status="PASS">
          <reporter-output>
          </reporter-output>
        </test-method> <!-- tearDown -->
      </class> <!-- com.crm.qa.testcases.BaseUrlTest -->
    </test> <!-- FreeCRM Application Test Automation Test Cases -->
  </suite> <!-- FreeCRM Application Test Automation Suite -->
</testng-results>
