<?xml version="1.0" encoding="UTF-8"?>
<testsuite xmlns:xsi="http://www.w3.org/2001/XMLSchema-instance" xsi:noNamespaceSchemaLocation="https://maven.apache.org/surefire/maven-surefire-plugin/xsd/surefire-test-report.xsd" name="TestSuite" time="17.611" tests="3" errors="0" skipped="0" failures="0">
  <properties>
[...]
</properties>
  <testcase name="clickLoginTest" classname="com.crm.qa.testcases.BaseUrlTest" time="5"/>
  <testcase name="BaseUrlPageLogoTest" classname="com.crm.qa.testcases.BaseUrlTest" time="0.121"/>
  <testcase name="BaseUrlTittletest" classname="com.crm.qa.testcases.BaseUrlTest" time="0.017"/>
</testsuite>