<?xml version="1.0" encoding="UTF-8"?>
<testng-results ignored="2" total="3" passed="1" failed="0" skipped="0">
  <reporter-output>
  </reporter-output>
  <suite started-at="2022-08-07T20:58:31 BST" name="Default suite" finished-at="2022-08-07T20:58:36 BST" duration-ms="5660">
    <groups>
    </groups>
    <test started-at="2022-08-07T20:58:31 BST" name="Default test" finished-at="2022-08-07T20:58:36 BST" duration-ms="5660">
      <class name="com.crm.qa.testcases.BaseUrlTest">
        <test-method is-config="true" signature="setUp()[pri:0, instance:com.crm.qa.testcases.BaseUrlTest@4fb3ee4e]" started-at="2022-08-07T20:58:31 BST" name="setUp" finished-at="2022-08-07T20:58:36 BST" duration-ms="5404" status="PASS">
          <reporter-output>
          </reporter-output>
        </test-method> <!-- setUp -->
        <test-method signature="BaseUrlPageLogoTest()[pri:2, instance:com.crm.qa.testcases.BaseUrlTest@4fb3ee4e]" started-at="2022-08-07T20:58:36 BST" name="BaseUrlPageLogoTest" finished-at="2022-08-07T20:58:36 BST" duration-ms="48" status="PASS">
          <reporter-output>
          </reporter-output>
        </test-method> <!-- BaseUrlPageLogoTest -->
        <test-method is-config="true" signature="tearDown()[pri:0, instance:com.crm.qa.testcases.BaseUrlTest@4fb3ee4e]" started-at="2022-08-07T20:58:36 BST" name="tearDown" finished-at="2022-08-07T20:58:36 BST" duration-ms="179" status="PASS">
          <reporter-output>
          </reporter-output>
        </test-method> <!-- tearDown -->
      </class> <!-- com.crm.qa.testcases.BaseUrlTest -->
    </test> <!-- Default test -->
  </suite> <!-- Default suite -->
</testng-results>
